<?xml version="1.0" encoding="UTF-8"?>
<testsuite xmlns:xsi="http://www.w3.org/2001/XMLSchema-instance" xsi:noNamespaceSchemaLocation="https://maven.apache.org/surefire/maven-surefire-plugin/xsd/surefire-test-report.xsd" name="com.aem.sling.metrics.integration.core.filters.LoggingFilterTest" time="3.003" tests="1" errors="0" skipped="0" failures="0">
  <properties>
[...]
</properties>
  <testcase name="doFilter{AemContext}" classname="com.aem.sling.metrics.integration.core.filters.LoggingFilterTest" time="2.937"/>
</testsuite>